[0314/114702.160:INFO:CONSOLE(2)] "The provided component class (r) 
                has already been declared as an observer component.", source: https://app.salad.io/static/js/2.0751d669.chunk.js (2)
[0314/114702.177:INFO:CONSOLE(2)] "The provided component class (r) 
                has already been declared as an observer component.", source: https://app.salad.io/static/js/2.0751d669.chunk.js (2)
[0314/114702.177:INFO:CONSOLE(2)] "The provided component class (r) 
                has already been declared as an observer component.", source: https://app.salad.io/static/js/2.0751d669.chunk.js (2)
[0314/114702.178:INFO:CONSOLE(2)] "The provided component class (r) 
                has already been declared as an observer component.", source: https://app.salad.io/static/js/2.0751d669.chunk.js (2)
[0314/114702.178:INFO:CONSOLE(2)] "The provided component class (r) 
                has already been declared as an observer component.", source: https://app.salad.io/static/js/2.0751d669.chunk.js (2)
[0314/114702.178:INFO:CONSOLE(2)] "The provided component class (r) 
                has already been declared as an observer component.", source: https://app.salad.io/static/js/2.0751d669.chunk.js (2)
[0314/114702.193:INFO:CONSOLE(2)] "The provided component class (r) 
                has already been declared as an observer component.", source: https://app.salad.io/static/js/2.0751d669.chunk.js (2)
[0314/114702.193:INFO:CONSOLE(2)] "The provided component class (r) 
                has already been declared as an observer component.", source: https://app.salad.io/static/js/2.0751d669.chunk.js (2)
[0314/114702.193:INFO:CONSOLE(2)] "The provided component class (r) 
                has already been declared as an observer component.", source: https://app.salad.io/static/js/2.0751d669.chunk.js (2)
[0314/114702.208:INFO:CONSOLE(2)] "Running web app build:20f3cc6f504c378e53565fe427dffa82f6bf455b", source: https://app.salad.io/static/js/2.0751d669.chunk.js (2)
[0314/114702.221:INFO:CONSOLE(2)] "Initialized SaladPay", source: https://app.salad.io/static/js/2.0751d669.chunk.js (2)
[0314/114702.221:INFO:CONSOLE(2)] "ClientId: 43e8e26fa9077bb9c932d1849f52ef68e89c3ca39287c949275e0f18be6d074b", source: https://app.salad.io/static/js/2.0751d669.chunk.js (2)
[0314/114702.221:INFO:CONSOLE(2)] "Detected change in status:stopped", source: https://app.salad.io/static/js/2.0751d669.chunk.js (2)
[0314/114702.223:INFO:CONSOLE(2)] "Starting refresh service", source: https://app.salad.io/static/js/2.0751d669.chunk.js (2)
[0314/114702.248:INFO:CONSOLE(2)] "Running in web env", source: https://app.salad.io/static/js/2.0751d669.chunk.js (2)
[0314/114702.288:INFO:CONSOLE(2)] "Stopping after running for: undefinedand chopping for: undefined", source: https://app.salad.io/static/js/2.0751d669.chunk.js (2)
[0314/114702.625:INFO:GrGLUtil.cpp(244)] nullptr GLSL version string.
[0314/114702.647:WARNING:ipc_message_attachment_set.cc(49)] MessageAttachmentSet destroyed with unconsumed attachments: 0/1
